<?xml version="1.0" encoding="UTF-8"?>
<testsuite name="junit.FirstJUnitTest" tests="1" skipped="0" failures="0" errors="0" timestamp="2022-02-10T06:14:00" hostname="LAPTOP-2VH8KDJS" time="0.075">
  <properties/>
  <testcase name="simpleTest()" classname="junit.FirstJUnitTest" time="0.075"/>
  <system-out><![CDATA[]]></system-out>
  <system-err><![CDATA[]]></system-err>
</testsuite>
